\BOOKMARK [1][-]{section.1}{Introduction to the GHS Algorithm}{}% 1
\BOOKMARK [1][-]{section.2}{Implementation Details}{}% 2
\BOOKMARK [2][-]{subsection.2.1}{Inter-Thread Communication}{section.2}% 3
\BOOKMARK [3][-]{subsubsection.2.1.1}{Messages}{subsection.2.1}% 4
\BOOKMARK [3][-]{subsubsection.2.1.2}{Queues}{subsection.2.1}% 5
\BOOKMARK [3][-]{subsubsection.2.1.3}{Network}{subsection.2.1}% 6
\BOOKMARK [3][-]{subsubsection.2.1.4}{IsComplete}{subsection.2.1}% 7
\BOOKMARK [3][-]{subsubsection.2.1.5}{GHS Algorithm Constructor}{subsection.2.1}% 8
\BOOKMARK [3][-]{subsubsection.2.1.6}{Sending and Receiving messages}{subsection.2.1}% 9
\BOOKMARK [2][-]{subsection.2.2}{GHS Algorithm implementation at each node}{section.2}% 10
\BOOKMARK [3][-]{subsubsection.2.2.1}{Algorithm 1}{subsection.2.2}% 11
\BOOKMARK [3][-]{subsubsection.2.2.2}{Algorithm 2}{subsection.2.2}% 12
\BOOKMARK [3][-]{subsubsection.2.2.3}{Algorithm 3}{subsection.2.2}% 13
\BOOKMARK [3][-]{subsubsection.2.2.4}{Algorithm 4}{subsection.2.2}% 14
\BOOKMARK [3][-]{subsubsection.2.2.5}{Algorithm 5}{subsection.2.2}% 15
\BOOKMARK [3][-]{subsubsection.2.2.6}{Algorithm 6}{subsection.2.2}% 16
\BOOKMARK [3][-]{subsubsection.2.2.7}{Algorithm 7}{subsection.2.2}% 17
\BOOKMARK [3][-]{subsubsection.2.2.8}{Algorithm 8}{subsection.2.2}% 18
\BOOKMARK [3][-]{subsubsection.2.2.9}{Algorithm 9}{subsection.2.2}% 19
\BOOKMARK [3][-]{subsubsection.2.2.10}{Algorithm 10}{subsection.2.2}% 20
\BOOKMARK [3][-]{subsubsection.2.2.11}{Algorithm 11}{subsection.2.2}% 21
\BOOKMARK [3][-]{subsubsection.2.2.12}{Algorithm 12}{subsection.2.2}% 22
\BOOKMARK [2][-]{subsection.2.3}{Main Function/ Thread Runner}{section.2}% 23
\BOOKMARK [1][-]{section.3}{Complexity Analysis and Experiments}{}% 24
\BOOKMARK [2][-]{subsection.3.1}{Experiment data}{section.3}% 25
\BOOKMARK [2][-]{subsection.3.2}{Complexity Analysis}{section.3}% 26
